d:\documents\github\blackrece\cppflockingdemo\boids\x64\debug\vc143.pdb
d:\documents\github\blackrece\cppflockingdemo\boids\x64\debug\main.obj
d:\documents\github\blackrece\cppflockingdemo\boids\x64\debug\drawablegameobject.obj
d:\documents\github\blackrece\cppflockingdemo\boids\x64\debug\ddstextureloader.obj
d:\documents\github\blackrece\cppflockingdemo\boids\x64\debug\boid.obj
d:\documents\github\blackrece\cppflockingdemo\boids\x64\debug\tutorial05.res
d:\documents\github\blackrece\cppflockingdemo\x64\debug\boids.pdb
d:\documents\github\blackrece\cppflockingdemo\boids\x64\debug\boids.tlog\cl.command.1.tlog
d:\documents\github\blackrece\cppflockingdemo\boids\x64\debug\boids.tlog\cl.read.1.tlog
d:\documents\github\blackrece\cppflockingdemo\boids\x64\debug\boids.tlog\cl.write.1.tlog
d:\documents\github\blackrece\cppflockingdemo\boids\x64\debug\boids.tlog\link-cvtres.read.1.tlog
d:\documents\github\blackrece\cppflockingdemo\boids\x64\debug\boids.tlog\link-cvtres.write.1.tlog
d:\documents\github\blackrece\cppflockingdemo\boids\x64\debug\boids.tlog\link-mt.read.1.tlog
d:\documents\github\blackrece\cppflockingdemo\boids\x64\debug\boids.tlog\link-mt.write.1.tlog
d:\documents\github\blackrece\cppflockingdemo\boids\x64\debug\boids.tlog\link-rc.read.1.tlog
d:\documents\github\blackrece\cppflockingdemo\boids\x64\debug\boids.tlog\link-rc.write.1.tlog
d:\documents\github\blackrece\cppflockingdemo\boids\x64\debug\boids.tlog\link.11752-cvtres.read.1.tlog
d:\documents\github\blackrece\cppflockingdemo\boids\x64\debug\boids.tlog\link.11752-cvtres.write.1.tlog
d:\documents\github\blackrece\cppflockingdemo\boids\x64\debug\boids.tlog\link.11752-mt.read.1.tlog
d:\documents\github\blackrece\cppflockingdemo\boids\x64\debug\boids.tlog\link.11752-mt.write.1.tlog
d:\documents\github\blackrece\cppflockingdemo\boids\x64\debug\boids.tlog\link.11752-rc.read.1.tlog
d:\documents\github\blackrece\cppflockingdemo\boids\x64\debug\boids.tlog\link.11752-rc.write.1.tlog
d:\documents\github\blackrece\cppflockingdemo\boids\x64\debug\boids.tlog\link.11752.read.1.tlog
d:\documents\github\blackrece\cppflockingdemo\boids\x64\debug\boids.tlog\link.11752.read.2.tlog
d:\documents\github\blackrece\cppflockingdemo\boids\x64\debug\boids.tlog\link.11752.write.1.tlog
d:\documents\github\blackrece\cppflockingdemo\boids\x64\debug\boids.tlog\link.command.1.tlog
d:\documents\github\blackrece\cppflockingdemo\boids\x64\debug\boids.tlog\link.read.1.tlog
d:\documents\github\blackrece\cppflockingdemo\boids\x64\debug\boids.tlog\link.read.2.tlog
d:\documents\github\blackrece\cppflockingdemo\boids\x64\debug\boids.tlog\link.write.1.tlog
d:\documents\github\blackrece\cppflockingdemo\boids\x64\debug\boids.tlog\rc.command.1.tlog
d:\documents\github\blackrece\cppflockingdemo\boids\x64\debug\boids.tlog\rc.read.1.tlog
d:\documents\github\blackrece\cppflockingdemo\boids\x64\debug\boids.tlog\rc.write.1.tlog
