  Boid.cpp
D:\Documents\GitHub\BlackRece\CppFlockingDemo\Boids\Boid.cpp(84,64): warning C4100: 'multiplier': unreferenced formal parameter
D:\Documents\GitHub\BlackRece\CppFlockingDemo\Boids\Boid.cpp(136,54): warning C4244: 'argument': conversion from 'unsigned int' to 'const float', possible loss of data
D:\Documents\GitHub\BlackRece\CppFlockingDemo\Boids\Boid.cpp(152,46): warning C4244: 'argument': conversion from 'unsigned int' to 'const float', possible loss of data
D:\Documents\GitHub\BlackRece\CppFlockingDemo\Boids\Boid.cpp(209,13): warning C4244: 'return': conversion from 'double' to 'float', possible loss of data
  DDSTextureLoader.cpp
  DrawableGameObject.cpp
  main.cpp
D:\Documents\GitHub\BlackRece\CppFlockingDemo\Boids\main.cpp(104,47): warning C4244: 'argument': conversion from 'int' to 'float', possible loss of data
D:\Documents\GitHub\BlackRece\CppFlockingDemo\Boids\main.cpp(104,35): warning C4244: 'argument': conversion from 'int' to 'float', possible loss of data
D:\Documents\GitHub\BlackRece\CppFlockingDemo\Boids\main.cpp(105,19): warning C4189: 'fish': local variable is initialized but not referenced
D:\Documents\GitHub\BlackRece\CppFlockingDemo\Boids\main.cpp(113,19): warning C4244: 'initializing': conversion from 'double' to 'float', possible loss of data
D:\Documents\GitHub\BlackRece\CppFlockingDemo\Boids\main.cpp(118,23): warning C4244: '=': conversion from 'double' to 'int', possible loss of data
D:\Documents\GitHub\BlackRece\CppFlockingDemo\Boids\main.cpp(119,23): warning C4244: '=': conversion from 'double' to 'int', possible loss of data
D:\Documents\GitHub\BlackRece\CppFlockingDemo\Boids\main.cpp(121,48): warning C4244: 'argument': conversion from 'int' to 'float', possible loss of data
D:\Documents\GitHub\BlackRece\CppFlockingDemo\Boids\main.cpp(121,42): warning C4244: 'argument': conversion from 'int' to 'float', possible loss of data
D:\Documents\GitHub\BlackRece\CppFlockingDemo\Boids\main.cpp(121,15): warning C4189: 'fish': local variable is initialized but not referenced
D:\Documents\GitHub\BlackRece\CppFlockingDemo\Boids\main.cpp(139,50): warning C4244: 'argument': conversion from 'int' to 'float', possible loss of data
D:\Documents\GitHub\BlackRece\CppFlockingDemo\Boids\main.cpp(139,41): warning C4244: 'argument': conversion from 'int' to 'float', possible loss of data
D:\Documents\GitHub\BlackRece\CppFlockingDemo\Boids\main.cpp(157,45): warning C4244: 'argument': conversion from 'double' to 'float', possible loss of data
D:\Documents\GitHub\BlackRece\CppFlockingDemo\Boids\main.cpp(157,42): warning C4244: 'argument': conversion from 'double' to 'float', possible loss of data
D:\Documents\GitHub\BlackRece\CppFlockingDemo\Boids\main.cpp(139,11): warning C4189: 'midFish': local variable is initialized but not referenced
D:\Documents\GitHub\BlackRece\CppFlockingDemo\Boids\main.cpp(157,15): warning C4189: 'fish': local variable is initialized but not referenced
D:\Documents\GitHub\BlackRece\CppFlockingDemo\Boids\main.cpp(168,9): warning C4189: 'radius': local variable is initialized but not referenced
D:\Documents\GitHub\BlackRece\CppFlockingDemo\Boids\main.cpp(167,9): warning C4189: 'amount': local variable is initialized but not referenced
  Generating Code...
Boid.obj : warning LNK4075: ignoring '/EDITANDCONTINUE' due to '/SAFESEH' specification
main.obj : error LNK2019: unresolved external symbol "void __cdecl ImGui::Separator(void)" (?Separator@ImGui@@YAXXZ) referenced in function "void __cdecl ImGui::DebugNodeFontGlyph(struct ImFont *,struct ImFontGlyph const *)" (?DebugNodeFontGlyph@ImGui@@YAXPAUImFont@@PBUImFontGlyph@@@Z)
main.obj : error LNK2019: unresolved external symbol "void __cdecl ImGui::NewLine(void)" (?NewLine@ImGui@@YAXXZ) referenced in function "void __cdecl ShowDemoWindowWidgets(void)" (?ShowDemoWindowWidgets@@YAXXZ)
main.obj : error LNK2019: unresolved external symbol "void __cdecl ImGui::Spacing(void)" (?Spacing@ImGui@@YAXXZ) referenced in function "void __cdecl ImGui::ShowDemoWindow(bool *)" (?ShowDemoWindow@ImGui@@YAXPA_N@Z)
main.obj : error LNK2019: unresolved external symbol "void __cdecl ImGui::Dummy(struct ImVec2 const &)" (?Dummy@ImGui@@YAXABUImVec2@@@Z) referenced in function "void __cdecl ImGui::DebugNodeFont(struct ImFont *)" (?DebugNodeFont@ImGui@@YAXPAUImFont@@@Z)
main.obj : error LNK2019: unresolved external symbol "void __cdecl ImGui::AlignTextToFramePadding(void)" (?AlignTextToFramePadding@ImGui@@YAXXZ) referenced in function "void __cdecl ImGui::ShowDebugLogWindow(bool *)" (?ShowDebugLogWindow@ImGui@@YAXPA_N@Z)
main.obj : error LNK2019: unresolved external symbol "void __cdecl ImGui::TextUnformatted(char const *,char const *)" (?TextUnformatted@ImGui@@YAXPBD0@Z) referenced in function "void __cdecl ImGui::DebugTextEncoding(char const *)" (?DebugTextEncoding@ImGui@@YAXPBD@Z)
main.obj : error LNK2019: unresolved external symbol "void __cdecl ImGui::Text(char const *,...)" (?Text@ImGui@@YAXPBDZZ) referenced in function "void __cdecl ImGui::DebugNodeFont(struct ImFont *)" (?DebugNodeFont@ImGui@@YAXPAUImFont@@@Z)
main.obj : error LNK2019: unresolved external symbol "void __cdecl ImGui::TextV(char const *,char *)" (?TextV@ImGui@@YAXPBDPAD@Z) referenced in function "void __cdecl ImGui::SetTooltipV(char const *,char *)" (?SetTooltipV@ImGui@@YAXPBDPAD@Z)
main.obj : error LNK2019: unresolved external symbol "void __cdecl ImGui::TextColored(struct ImVec4 const &,char const *,...)" (?TextColored@ImGui@@YAXABUImVec4@@PBDZZ) referenced in function "void __cdecl ImGui::DebugNodeDrawList(struct ImGuiWindow *,struct ImDrawList const *,char const *)" (?DebugNodeDrawList@ImGui@@YAXPAUImGuiWindow@@PBUImDrawList@@PBD@Z)
main.obj : error LNK2019: unresolved external symbol "void __cdecl ImGui::TextDisabled(char const *,...)" (?TextDisabled@ImGui@@YAXPBDZZ) referenced in function "void __cdecl ImGui::DebugNodeDrawList(struct ImGuiWindow *,struct ImDrawList const *,char const *)" (?DebugNodeDrawList@ImGui@@YAXPAUImGuiWindow@@PBUImDrawList@@PBD@Z)
main.obj : error LNK2019: unresolved external symbol "void __cdecl ImGui::TextWrapped(char const *,...)" (?TextWrapped@ImGui@@YAXPBDZZ) referenced in function "public: static void __cdecl MyDocument::DisplayContents(struct MyDocument *)" (?DisplayContents@MyDocument@@SAXPAU1@@Z)
main.obj : error LNK2019: unresolved external symbol "void __cdecl ImGui::LabelText(char const *,char const *,...)" (?LabelText@ImGui@@YAXPBD0ZZ) referenced in function "void __cdecl ShowDemoWindowWidgets(void)" (?ShowDemoWindowWidgets@@YAXXZ)
main.obj : error LNK2019: unresolved external symbol "void __cdecl ImGui::BulletText(char const *,...)" (?BulletText@ImGui@@YAXPBDZZ) referenced in function "void __cdecl ImGui::DebugNodeColumns(struct ImGuiOldColumns *)" (?DebugNodeColumns@ImGui@@YAXPAUImGuiOldColumns@@@Z)
main.obj : error LNK2019: unresolved external symbol "bool __cdecl ImGui::Button(char const *,struct ImVec2 const &)" (?Button@ImGui@@YA_NPBDABUImVec2@@@Z) referenced in function "public: static void __cdecl MyDocument::DisplayContents(struct MyDocument *)" (?DisplayContents@MyDocument@@SAXPAU1@@Z)
main.obj : error LNK2019: unresolved external symbol "bool __cdecl ImGui::SmallButton(char const *)" (?SmallButton@ImGui@@YA_NPBD@Z) referenced in function "void __cdecl ImGui::DebugNodeFont(struct ImFont *)" (?DebugNodeFont@ImGui@@YAXPAUImFont@@@Z)
main.obj : error LNK2019: unresolved external symbol "bool __cdecl ImGui::InvisibleButton(char const *,struct ImVec2 const &,int)" (?InvisibleButton@ImGui@@YA_NPBDABUImVec2@@H@Z) referenced in function "void __cdecl ShowDemoWindowLayout(void)" (?ShowDemoWindowLayout@@YAXXZ)
main.obj : error LNK2019: unresolved external symbol "bool __cdecl ImGui::ArrowButton(char const *,int)" (?ArrowButton@ImGui@@YA_NPBDH@Z) referenced in function "void __cdecl ShowDemoWindowWidgets(void)" (?ShowDemoWindowWidgets@@YAXXZ)
main.obj : error LNK2019: unresolved external symbol "bool __cdecl ImGui::Checkbox(char const *,bool *)" (?Checkbox@ImGui@@YA_NPBDPA_N@Z) referenced in function "public: void __thiscall ExampleAppConsole::Draw(char const *,bool *)" (?Draw@ExampleAppConsole@@QAEXPBDPA_N@Z)
main.obj : error LNK2019: unresolved external symbol "bool __cdecl ImGui::CheckboxFlags(char const *,int *,int)" (?CheckboxFlags@ImGui@@YA_NPBDPAHH@Z) referenced in function "void __cdecl EditTableColumnsFlags(int *)" (?EditTableColumnsFlags@@YAXPAH@Z)
main.obj : error LNK2019: unresolved external symbol "bool __cdecl ImGui::RadioButton(char const *,bool)" (?RadioButton@ImGui@@YA_NPBD_N@Z) referenced in function "void __cdecl ShowDemoWindowWidgets(void)" (?ShowDemoWindowWidgets@@YAXXZ)
main.obj : error LNK2019: unresolved external symbol "bool __cdecl ImGui::RadioButton(char const *,int *,int)" (?RadioButton@ImGui@@YA_NPBDPAHH@Z) referenced in function "void __cdecl ShowDemoWindowTables(void)" (?ShowDemoWindowTables@@YAXXZ)
main.obj : error LNK2019: unresolved external symbol "void __cdecl ImGui::ProgressBar(float,struct ImVec2 const &,char const *)" (?ProgressBar@ImGui@@YAXMABUImVec2@@PBD@Z) referenced in function "void __cdecl ShowDemoWindowWidgets(void)" (?ShowDemoWindowWidgets@@YAXXZ)
main.obj : error LNK2019: unresolved external symbol "void __cdecl ImGui::Bullet(void)" (?Bullet@ImGui@@YAXXZ) referenced in function "void __cdecl ShowDemoWindowInputs(void)" (?ShowDemoWindowInputs@@YAXXZ)
main.obj : error LNK2019: unresolved external symbol "void __cdecl ImGui::Image(void *,struct ImVec2 const &,struct ImVec2 const &,struct ImVec2 const &,struct ImVec4 const &,struct ImVec4 const &)" (?Image@ImGui@@YAXPAXABUImVec2@@11ABUImVec4@@2@Z) referenced in function "void __cdecl ShowDemoWindowWidgets(void)" (?ShowDemoWindowWidgets@@YAXXZ)
main.obj : error LNK2019: unresolved external symbol "bool __cdecl ImGui::ImageButton(char const *,void *,struct ImVec2 const &,struct ImVec2 const &,struct ImVec2 const &,struct ImVec4 const &,struct ImVec4 const &)" (?ImageButton@ImGui@@YA_NPBDPAXABUImVec2@@22ABUImVec4@@3@Z) referenced in function "void __cdecl ShowDemoWindowWidgets(void)" (?ShowDemoWindowWidgets@@YAXXZ)
main.obj : error LNK2019: unresolved external symbol "bool __cdecl ImGui::BeginCombo(char const *,char const *,int)" (?BeginCombo@ImGui@@YA_NPBD0H@Z) referenced in function "void __cdecl EditTableSizingFlags(int *)" (?EditTableSizingFlags@@YAXPAH@Z)
main.obj : error LNK2019: unresolved external symbol "void __cdecl ImGui::EndCombo(void)" (?EndCombo@ImGui@@YAXXZ) referenced in function "void __cdecl EditTableSizingFlags(int *)" (?EditTableSizingFlags@@YAXPAH@Z)
main.obj : error LNK2019: unresolved external symbol "bool __cdecl ImGui::Combo(char const *,int *,char const * const * const,int,int)" (?Combo@ImGui@@YA_NPBDPAHQBQBDHH@Z) referenced in function "void __cdecl ShowDemoWindowLayout(void)" (?ShowDemoWindowLayout@@YAXXZ)
main.obj : error LNK2019: unresolved external symbol "bool __cdecl ImGui::Combo(char const *,int *,char const *,int)" (?Combo@ImGui@@YA_NPBDPAH0H@Z) referenced in function "void __cdecl ShowDemoWindowPopups(void)" (?ShowDemoWindowPopups@@YAXXZ)
main.obj : error LNK2019: unresolved external symbol "bool __cdecl ImGui::Combo(char const *,int *,bool (__cdecl*)(void *,int,char const * *),void *,int,int)" (?Combo@ImGui@@YA_NPBDPAHP6A_NPAXHPAPBD@Z2HH@Z) referenced in function "void __cdecl ShowDemoWindowWidgets(void)" (?ShowDemoWindowWidgets@@YAXXZ)
main.obj : error LNK2019: unresolved external symbol "bool __cdecl ImGui::DragFloat(char const *,float *,float,float,float,char const *,int)" (?DragFloat@ImGui@@YA_NPBDPAMMMM0H@Z) referenced in function "void __cdecl ImGui::DebugNodeFont(struct ImFont *)" (?DebugNodeFont@ImGui@@YAXPAUImFont@@@Z)
main.obj : error LNK2019: unresolved external symbol "bool __cdecl ImGui::DragFloat2(char const *,float * const,float,float,float,char const *,int)" (?DragFloat2@ImGui@@YA_NPBDQAMMMM0H@Z) referenced in function "void __cdecl ShowDemoWindowLayout(void)" (?ShowDemoWindowLayout@@YAXXZ)
main.obj : error LNK2019: unresolved external symbol "bool __cdecl ImGui::DragFloat3(char const *,float * const,float,float,float,char const *,int)" (?DragFloat3@ImGui@@YA_NPBDQAMMMM0H@Z) referenced in function "void __cdecl ShowDemoWindowWidgets(void)" (?ShowDemoWindowWidgets@@YAXXZ)
main.obj : error LNK2019: unresolved external symbol "bool __cdecl ImGui::DragFloat4(char const *,float * const,float,float,float,char const *,int)" (?DragFloat4@ImGui@@YA_NPBDQAMMMM0H@Z) referenced in function "void __cdecl ShowDemoWindowWidgets(void)" (?ShowDemoWindowWidgets@@YAXXZ)
main.obj : error LNK2019: unresolved external symbol "bool __cdecl ImGui::DragFloatRange2(char const *,float *,float *,float,float,float,char const *,char const *,int)" (?DragFloatRange2@ImGui@@YA_NPBDPAM1MMM00H@Z) referenced in function "void __cdecl ShowDemoWindowWidgets(void)" (?ShowDemoWindowWidgets@@YAXXZ)
main.obj : error LNK2019: unresolved external symbol "bool __cdecl ImGui::DragInt(char const *,int *,float,int,int,char const *,int)" (?DragInt@ImGui@@YA_NPBDPAHMHH0H@Z) referenced in function "void __cdecl ShowDemoWindowColumns(void)" (?ShowDemoWindowColumns@@YAXXZ)
main.obj : error LNK2019: unresolved external symbol "bool __cdecl ImGui::DragInt2(char const *,int * const,float,int,int,char const *,int)" (?DragInt2@ImGui@@YA_NPBDQAHMHH0H@Z) referenced in function "void __cdecl ShowDemoWindowWidgets(void)" (?ShowDemoWindowWidgets@@YAXXZ)
main.obj : error LNK2019: unresolved external symbol "bool __cdecl ImGui::DragInt3(char const *,int * const,float,int,int,char const *,int)" (?DragInt3@ImGui@@YA_NPBDQAHMHH0H@Z) referenced in function "void __cdecl ShowDemoWindowWidgets(void)" (?ShowDemoWindowWidgets@@YAXXZ)
main.obj : error LNK2019: unresolved external symbol "bool __cdecl ImGui::DragInt4(char const *,int * const,float,int,int,char const *,int)" (?DragInt4@ImGui@@YA_NPBDQAHMHH0H@Z) referenced in function "void __cdecl ShowDemoWindowWidgets(void)" (?ShowDemoWindowWidgets@@YAXXZ)
main.obj : error LNK2019: unresolved external symbol "bool __cdecl ImGui::DragIntRange2(char const *,int *,int *,float,int,int,char const *,char const *,int)" (?DragIntRange2@ImGui@@YA_NPBDPAH1MHH00H@Z) referenced in function "void __cdecl ShowDemoWindowWidgets(void)" (?ShowDemoWindowWidgets@@YAXXZ)
main.obj : error LNK2019: unresolved external symbol "bool __cdecl ImGui::DragScalar(char const *,int,void *,float,void const *,void const *,char const *,int)" (?DragScalar@ImGui@@YA_NPBDHPAXMPBX20H@Z) referenced in function "void __cdecl ShowDemoWindowWidgets(void)" (?ShowDemoWindowWidgets@@YAXXZ)
main.obj : error LNK2019: unresolved external symbol "bool __cdecl ImGui::SliderFloat(char const *,float *,float,float,char const *,int)" (?SliderFloat@ImGui@@YA_NPBDPAMMM0H@Z) referenced in function "void __cdecl ShowDemoWindowLayout(void)" (?ShowDemoWindowLayout@@YAXXZ)
main.obj : error LNK2019: unresolved external symbol "bool __cdecl ImGui::SliderFloat2(char const *,float * const,float,float,char const *,int)" (?SliderFloat2@ImGui@@YA_NPBDQAMMM0H@Z) referenced in function "void __cdecl ShowDemoWindowTables(void)" (?ShowDemoWindowTables@@YAXXZ)
main.obj : error LNK2019: unresolved external symbol "bool __cdecl ImGui::SliderFloat3(char const *,float * const,float,float,char const *,int)" (?SliderFloat3@ImGui@@YA_NPBDQAMMM0H@Z) referenced in function "void __cdecl ShowDemoWindowInputs(void)" (?ShowDemoWindowInputs@@YAXXZ)
main.obj : error LNK2019: unresolved external symbol "bool __cdecl ImGui::SliderFloat4(char const *,float * const,float,float,char const *,int)" (?SliderFloat4@ImGui@@YA_NPBDQAMMM0H@Z) referenced in function "void __cdecl ShowDemoWindowWidgets(void)" (?ShowDemoWindowWidgets@@YAXXZ)
main.obj : error LNK2019: unresolved external symbol "bool __cdecl ImGui::SliderAngle(char const *,float *,float,float,char const *,int)" (?SliderAngle@ImGui@@YA_NPBDPAMMM0H@Z) referenced in function "void __cdecl ShowDemoWindowWidgets(void)" (?ShowDemoWindowWidgets@@YAXXZ)
main.obj : error LNK2019: unresolved external symbol "bool __cdecl ImGui::SliderInt(char const *,int *,int,int,char const *,int)" (?SliderInt@ImGui@@YA_NPBDPAHHH0H@Z) referenced in function "void __cdecl ImGui::LogButtons(void)" (?LogButtons@ImGui@@YAXXZ)
main.obj : error LNK2019: unresolved external symbol "bool __cdecl ImGui::SliderInt2(char const *,int * const,int,int,char const *,int)" (?SliderInt2@ImGui@@YA_NPBDQAHHH0H@Z) referenced in function "void __cdecl ShowDemoWindowWidgets(void)" (?ShowDemoWindowWidgets@@YAXXZ)
main.obj : error LNK2019: unresolved external symbol "bool __cdecl ImGui::SliderInt3(char const *,int * const,int,int,char const *,int)" (?SliderInt3@ImGui@@YA_NPBDQAHHH0H@Z) referenced in function "void __cdecl ShowDemoWindowWidgets(void)" (?ShowDemoWindowWidgets@@YAXXZ)
main.obj : error LNK2019: unresolved external symbol "bool __cdecl ImGui::SliderInt4(char const *,int * const,int,int,char const *,int)" (?SliderInt4@ImGui@@YA_NPBDQAHHH0H@Z) referenced in function "void __cdecl ShowDemoWindowWidgets(void)" (?ShowDemoWindowWidgets@@YAXXZ)
main.obj : error LNK2019: unresolved external symbol "bool __cdecl ImGui::SliderScalar(char const *,int,void *,void const *,void const *,char const *,int)" (?SliderScalar@ImGui@@YA_NPBDHPAXPBX20H@Z) referenced in function "void __cdecl ShowDemoWindowWidgets(void)" (?ShowDemoWindowWidgets@@YAXXZ)
main.obj : error LNK2019: unresolved external symbol "bool __cdecl ImGui::VSliderFloat(char const *,struct ImVec2 const &,float *,float,float,char const *,int)" (?VSliderFloat@ImGui@@YA_NPBDABUImVec2@@PAMMM0H@Z) referenced in function "void __cdecl ShowDemoWindowWidgets(void)" (?ShowDemoWindowWidgets@@YAXXZ)
main.obj : error LNK2019: unresolved external symbol "bool __cdecl ImGui::VSliderInt(char const *,struct ImVec2 const &,int *,int,int,char const *,int)" (?VSliderInt@ImGui@@YA_NPBDABUImVec2@@PAHHH0H@Z) referenced in function "void __cdecl ShowDemoWindowWidgets(void)" (?ShowDemoWindowWidgets@@YAXXZ)
main.obj : error LNK2019: unresolved external symbol "bool __cdecl ImGui::InputText(char const *,char *,unsigned int,int,int (__cdecl*)(struct ImGuiInputTextCallbackData *),void *)" (?InputText@ImGui@@YA_NPBDPADIHP6AHPAUImGuiInputTextCallbackData@@@ZPAX@Z) referenced in function "public: void __thiscall ExampleAppConsole::Draw(char const *,bool *)" (?Draw@ExampleAppConsole@@QAEXPBDPA_N@Z)
main.obj : error LNK2019: unresolved external symbol "bool __cdecl ImGui::InputTextMultiline(char const *,char *,unsigned int,struct ImVec2 const &,int,int (__cdecl*)(struct ImGuiInputTextCallbackData *),void *)" (?InputTextMultiline@ImGui@@YA_NPBDPADIABUImVec2@@HP6AHPAUImGuiInputTextCallbackData@@@ZPAX@Z) referenced in function "public: static bool __cdecl `void __cdecl ShowDemoWindowWidgets(void)'::`458'::Funcs::MyInputTextMultiline(char const *,struct ImVector<char> *,struct ImVec2 const &,int)" (?MyInputTextMultiline@Funcs@?BMK@??ShowDemoWindowWidgets@@YAXXZ@SA_NPBDPAU?$ImVector@D@@ABUImVec2@@H@Z)
main.obj : error LNK2019: unresolved external symbol "bool __cdecl ImGui::InputTextWithHint(char const *,char const *,char *,unsigned int,int,int (__cdecl*)(struct ImGuiInputTextCallbackData *),void *)" (?InputTextWithHint@ImGui@@YA_NPBD0PADIHP6AHPAUImGuiInputTextCallbackData@@@ZPAX@Z) referenced in function "void __cdecl ShowDemoWindowWidgets(void)" (?ShowDemoWindowWidgets@@YAXXZ)
main.obj : error LNK2019: unresolved external symbol "bool __cdecl ImGui::InputFloat(char const *,float *,float,float,char const *,int)" (?InputFloat@ImGui@@YA_NPBDPAMMM0H@Z) referenced in function "void __cdecl ShowDemoWindowColumns(void)" (?ShowDemoWindowColumns@@YAXXZ)
main.obj : error LNK2019: unresolved external symbol "bool __cdecl ImGui::InputFloat2(char const *,float * const,char const *,int)" (?InputFloat2@ImGui@@YA_NPBDQAM0H@Z) referenced in function "void __cdecl ShowDemoWindowWidgets(void)" (?ShowDemoWindowWidgets@@YAXXZ)
main.obj : error LNK2019: unresolved external symbol "bool __cdecl ImGui::InputFloat3(char const *,float * const,char const *,int)" (?InputFloat3@ImGui@@YA_NPBDQAM0H@Z) referenced in function "void __cdecl ShowDemoWindowWidgets(void)" (?ShowDemoWindowWidgets@@YAXXZ)
main.obj : error LNK2019: unresolved external symbol "bool __cdecl ImGui::InputFloat4(char const *,float * const,char const *,int)" (?InputFloat4@ImGui@@YA_NPBDQAM0H@Z) referenced in function "void __cdecl ShowDemoWindowWidgets(void)" (?ShowDemoWindowWidgets@@YAXXZ)
main.obj : error LNK2019: unresolved external symbol "bool __cdecl ImGui::InputInt(char const *,int *,int,int,int)" (?InputInt@ImGui@@YA_NPBDPAHHHH@Z) referenced in function "void __cdecl ShowDemoWindowWidgets(void)" (?ShowDemoWindowWidgets@@YAXXZ)
main.obj : error LNK2019: unresolved external symbol "bool __cdecl ImGui::InputInt2(char const *,int * const,int)" (?InputInt2@ImGui@@YA_NPBDQAHH@Z) referenced in function "void __cdecl ShowDemoWindowWidgets(void)" (?ShowDemoWindowWidgets@@YAXXZ)
main.obj : error LNK2019: unresolved external symbol "bool __cdecl ImGui::InputInt3(char const *,int * const,int)" (?InputInt3@ImGui@@YA_NPBDQAHH@Z) referenced in function "void __cdecl ShowDemoWindowWidgets(void)" (?ShowDemoWindowWidgets@@YAXXZ)
main.obj : error LNK2019: unresolved external symbol "bool __cdecl ImGui::InputInt4(char const *,int * const,int)" (?InputInt4@ImGui@@YA_NPBDQAHH@Z) referenced in function "void __cdecl ShowDemoWindowWidgets(void)" (?ShowDemoWindowWidgets@@YAXXZ)
main.obj : error LNK2019: unresolved external symbol "bool __cdecl ImGui::InputDouble(char const *,double *,double,double,char const *,int)" (?InputDouble@ImGui@@YA_NPBDPANNN0H@Z) referenced in function "void __cdecl ShowDemoWindowWidgets(void)" (?ShowDemoWindowWidgets@@YAXXZ)
main.obj : error LNK2019: unresolved external symbol "bool __cdecl ImGui::InputScalar(char const *,int,void *,void const *,void const *,char const *,int)" (?InputScalar@ImGui@@YA_NPBDHPAXPBX20H@Z) referenced in function "void __cdecl ShowDemoWindowWidgets(void)" (?ShowDemoWindowWidgets@@YAXXZ)
main.obj : error LNK2019: unresolved external symbol "bool __cdecl ImGui::ColorEdit3(char const *,float * const,int)" (?ColorEdit3@ImGui@@YA_NPBDQAMH@Z) referenced in function "public: static void __cdecl MyDocument::DisplayContents(struct MyDocument *)" (?DisplayContents@MyDocument@@SAXPAU1@@Z)
main.obj : error LNK2019: unresolved external symbol "bool __cdecl ImGui::ColorEdit4(char const *,float * const,int)" (?ColorEdit4@ImGui@@YA_NPBDQAMH@Z) referenced in function "void __cdecl ShowDemoWindowPopups(void)" (?ShowDemoWindowPopups@@YAXXZ)
main.obj : error LNK2019: unresolved external symbol "bool __cdecl ImGui::ColorPicker3(char const *,float * const,int)" (?ColorPicker3@ImGui@@YA_NPBDQAMH@Z) referenced in function "void __cdecl ShowDemoWindowWidgets(void)" (?ShowDemoWindowWidgets@@YAXXZ)
main.obj : error LNK2019: unresolved external symbol "bool __cdecl ImGui::ColorPicker4(char const *,float * const,int,float const *)" (?ColorPicker4@ImGui@@YA_NPBDQAMHPBM@Z) referenced in function "void __cdecl ShowDemoWindowWidgets(void)" (?ShowDemoWindowWidgets@@YAXXZ)
main.obj : error LNK2019: unresolved external symbol "bool __cdecl ImGui::ColorButton(char const *,struct ImVec4 const &,int,struct ImVec2 const &)" (?ColorButton@ImGui@@YA_NPBDABUImVec4@@HABUImVec2@@@Z) referenced in function "void __cdecl ShowDemoWindowInputs(void)" (?ShowDemoWindowInputs@@YAXXZ)
main.obj : error LNK2019: unresolved external symbol "void __cdecl ImGui::SetColorEditOptions(int)" (?SetColorEditOptions@ImGui@@YAXH@Z) referenced in function "void __cdecl ShowDemoWindowWidgets(void)" (?ShowDemoWindowWidgets@@YAXXZ)
main.obj : error LNK2019: unresolved external symbol "bool __cdecl ImGui::TreeNode(char const *)" (?TreeNode@ImGui@@YA_NPBD@Z) referenced in function "void __cdecl ImGui::ShowDemoWindow(bool *)" (?ShowDemoWindow@ImGui@@YAXPA_N@Z)
main.obj : error LNK2019: unresolved external symbol "bool __cdecl ImGui::TreeNode(char const *,char const *,...)" (?TreeNode@ImGui@@YA_NPBD0ZZ) referenced in function "void __cdecl ImGui::DebugNodeFont(struct ImFont *)" (?DebugNodeFont@ImGui@@YAXPAUImFont@@@Z)
main.obj : error LNK2019: unresolved external symbol "bool __cdecl ImGui::TreeNode(void const *,char const *,...)" (?TreeNode@ImGui@@YA_NPBXPBDZZ) referenced in function "void __cdecl ImGui::DebugNodeColumns(struct ImGuiOldColumns *)" (?DebugNodeColumns@ImGui@@YAXPAUImGuiOldColumns@@@Z)
main.obj : error LNK2019: unresolved external symbol "bool __cdecl ImGui::TreeNodeEx(char const *,int)" (?TreeNodeEx@ImGui@@YA_NPBDH@Z) referenced in function "public: static void __cdecl `void __cdecl ShowDemoWindowTables(void)'::`398'::MyTreeNode::DisplayNode(struct `void __cdecl ShowDemoWindowTables(void)'::`398'::MyTreeNode const *,struct `void __cdecl ShowDemoWindowTables(void)'::`398'::MyTreeNode const *)" (?DisplayNode@MyTreeNode@?BIO@??ShowDemoWindowTables@@YAXXZ@SAXPBU1?BIO@??2@YAXXZ@0@Z)
main.obj : error LNK2019: unresolved external symbol "bool __cdecl ImGui::TreeNodeEx(char const *,int,char const *,...)" (?TreeNodeEx@ImGui@@YA_NPBDH0ZZ) referenced in function "void __cdecl ImGui::DebugNodeWindow(struct ImGuiWindow *,char const *)" (?DebugNodeWindow@ImGui@@YAXPAUImGuiWindow@@PBD@Z)
main.obj : error LNK2019: unresolved external symbol "bool __cdecl ImGui::TreeNodeEx(void const *,int,char const *,...)" (?TreeNodeEx@ImGui@@YA_NPBXHPBDZZ) referenced in function "void __cdecl ShowDemoWindowWidgets(void)" (?ShowDemoWindowWidgets@@YAXXZ)
main.obj : error LNK2019: unresolved external symbol "void __cdecl ImGui::TreePop(void)" (?TreePop@ImGui@@YAXXZ) referenced in function "void __cdecl ImGui::DebugNodeColumns(struct ImGuiOldColumns *)" (?DebugNodeColumns@ImGui@@YAXPAUImGuiOldColumns@@@Z)
main.obj : error LNK2019: unresolved external symbol "float __cdecl ImGui::GetTreeNodeToLabelSpacing(void)" (?GetTreeNodeToLabelSpacing@ImGui@@YAMXZ) referenced in function "void __cdecl ShowDemoWindowWidgets(void)" (?ShowDemoWindowWidgets@@YAXXZ)
main.obj : error LNK2019: unresolved external symbol "bool __cdecl ImGui::CollapsingHeader(char const *,int)" (?CollapsingHeader@ImGui@@YA_NPBDH@Z) referenced in function "void __cdecl ImGui::ShowDemoWindow(bool *)" (?ShowDemoWindow@ImGui@@YAXPA_N@Z)
main.obj : error LNK2019: unresolved external symbol "bool __cdecl ImGui::CollapsingHeader(char const *,bool *,int)" (?CollapsingHeader@ImGui@@YA_NPBDPA_NH@Z) referenced in function "void __cdecl ShowDemoWindowLayout(void)" (?ShowDemoWindowLayout@@YAXXZ)
main.obj : error LNK2019: unresolved external symbol "void __cdecl ImGui::SetNextItemOpen(bool,int)" (?SetNextItemOpen@ImGui@@YAX_NH@Z) referenced in function "void __cdecl ImGui::DebugNodeViewport(struct ImGuiViewportP *)" (?DebugNodeViewport@ImGui@@YAXPAUImGuiViewportP@@@Z)
main.obj : error LNK2019: unresolved external symbol "bool __cdecl ImGui::Selectable(char const *,bool,int,struct ImVec2 const &)" (?Selectable@ImGui@@YA_NPBD_NHABUImVec2@@@Z) referenced in function "void __cdecl ImGui::DebugNodeDrawList(struct ImGuiWindow *,struct ImDrawList const *,char const *)" (?DebugNodeDrawList@ImGui@@YAXPAUImGuiWindow@@PBUImDrawList@@PBD@Z)
main.obj : error LNK2019: unresolved external symbol "bool __cdecl ImGui::Selectable(char const *,bool *,int,struct ImVec2 const &)" (?Selectable@ImGui@@YA_NPBDPA_NHABUImVec2@@@Z) referenced in function "void __cdecl ShowDemoWindowWidgets(void)" (?ShowDemoWindowWidgets@@YAXXZ)
main.obj : error LNK2019: unresolved external symbol "bool __cdecl ImGui::BeginListBox(char const *,struct ImVec2 const &)" (?BeginListBox@ImGui@@YA_NPBDABUImVec2@@@Z) referenced in function "void __cdecl ShowDemoWindowLayout(void)" (?ShowDemoWindowLayout@@YAXXZ)
main.obj : error LNK2019: unresolved external symbol "void __cdecl ImGui::EndListBox(void)" (?EndListBox@ImGui@@YAXXZ) referenced in function "void __cdecl ShowDemoWindowLayout(void)" (?ShowDemoWindowLayout@@YAXXZ)
main.obj : error LNK2019: unresolved external symbol "bool __cdecl ImGui::ListBox(char const *,int *,char const * const * const,int,int)" (?ListBox@ImGui@@YA_NPBDPAHQBQBDHH@Z) referenced in function "void __cdecl ShowDemoWindowLayout(void)" (?ShowDemoWindowLayout@@YAXXZ)
main.obj : error LNK2019: unresolved external symbol "void __cdecl ImGui::PlotLines(char const *,float const *,int,int,char const *,float,float,struct ImVec2,int)" (?PlotLines@ImGui@@YAXPBDPBMHH0MMUImVec2@@H@Z) referenced in function "void __cdecl ShowDemoWindowWidgets(void)" (?ShowDemoWindowWidgets@@YAXXZ)
main.obj : error LNK2019: unresolved external symbol "void __cdecl ImGui::PlotLines(char const *,float (__cdecl*)(void *,int),void *,int,int,char const *,float,float,struct ImVec2)" (?PlotLines@ImGui@@YAXPBDP6AMPAXH@Z1HH0MMUImVec2@@@Z) referenced in function "void __cdecl ShowDemoWindowWidgets(void)" (?ShowDemoWindowWidgets@@YAXXZ)
main.obj : error LNK2019: unresolved external symbol "void __cdecl ImGui::PlotHistogram(char const *,float const *,int,int,char const *,float,float,struct ImVec2,int)" (?PlotHistogram@ImGui@@YAXPBDPBMHH0MMUImVec2@@H@Z) referenced in function "void __cdecl ShowDemoWindowLayout(void)" (?ShowDemoWindowLayout@@YAXXZ)
main.obj : error LNK2019: unresolved external symbol "void __cdecl ImGui::PlotHistogram(char const *,float (__cdecl*)(void *,int),void *,int,int,char const *,float,float,struct ImVec2)" (?PlotHistogram@ImGui@@YAXPBDP6AMPAXH@Z1HH0MMUImVec2@@@Z) referenced in function "void __cdecl ShowDemoWindowWidgets(void)" (?ShowDemoWindowWidgets@@YAXXZ)
main.obj : error LNK2019: unresolved external symbol "bool __cdecl ImGui::BeginMenuBar(void)" (?BeginMenuBar@ImGui@@YA_NXZ) referenced in function "void __cdecl ImGui::ShowDemoWindow(bool *)" (?ShowDemoWindow@ImGui@@YAXPA_N@Z)
main.obj : error LNK2019: unresolved external symbol "void __cdecl ImGui::EndMenuBar(void)" (?EndMenuBar@ImGui@@YAXXZ) referenced in function "void __cdecl ImGui::ShowDemoWindow(bool *)" (?ShowDemoWindow@ImGui@@YAXPA_N@Z)
main.obj : error LNK2019: unresolved external symbol "bool __cdecl ImGui::BeginMainMenuBar(void)" (?BeginMainMenuBar@ImGui@@YA_NXZ) referenced in function "void __cdecl ShowExampleAppMainMenuBar(void)" (?ShowExampleAppMainMenuBar@@YAXXZ)
main.obj : error LNK2019: unresolved external symbol "void __cdecl ImGui::EndMainMenuBar(void)" (?EndMainMenuBar@ImGui@@YAXXZ) referenced in function "void __cdecl ShowExampleAppMainMenuBar(void)" (?ShowExampleAppMainMenuBar@@YAXXZ)
main.obj : error LNK2019: unresolved external symbol "bool __cdecl ImGui::BeginMenu(char const *,bool)" (?BeginMenu@ImGui@@YA_NPBD_N@Z) referenced in function "void __cdecl ImGui::ShowDemoWindow(bool *)" (?ShowDemoWindow@ImGui@@YAXPA_N@Z)
main.obj : error LNK2019: unresolved external symbol "void __cdecl ImGui::EndMenu(void)" (?EndMenu@ImGui@@YAXXZ) referenced in function "void __cdecl ImGui::ShowDemoWindow(bool *)" (?ShowDemoWindow@ImGui@@YAXPA_N@Z)
main.obj : error LNK2019: unresolved external symbol "bool __cdecl ImGui::MenuItem(char const *,char const *,bool,bool)" (?MenuItem@ImGui@@YA_NPBD0_N1@Z) referenced in function "public: static void __cdecl MyDocument::DisplayContextMenu(struct MyDocument *)" (?DisplayContextMenu@MyDocument@@SAXPAU1@@Z)
main.obj : error LNK2019: unresolved external symbol "bool __cdecl ImGui::MenuItem(char const *,char const *,bool *,bool)" (?MenuItem@ImGui@@YA_NPBD0PA_N_N@Z) referenced in function "void __cdecl ImGui::ShowDemoWindow(bool *)" (?ShowDemoWindow@ImGui@@YAXPA_N@Z)
main.obj : error LNK2019: unresolved external symbol "bool __cdecl ImGui::BeginTable(char const *,int,int,struct ImVec2 const &,float)" (?BeginTable@ImGui@@YA_NPBDHHABUImVec2@@M@Z) referenced in function "void __cdecl ImGui::DebugTextEncoding(char const *)" (?DebugTextEncoding@ImGui@@YAXPBD@Z)
main.obj : error LNK2019: unresolved external symbol "void __cdecl ImGui::EndTable(void)" (?EndTable@ImGui@@YAXXZ) referenced in function "void __cdecl ImGui::DebugTextEncoding(char const *)" (?DebugTextEncoding@ImGui@@YAXPBD@Z)
main.obj : error LNK2019: unresolved external symbol "void __cdecl ImGui::TableNextRow(int,float)" (?TableNextRow@ImGui@@YAXHM@Z) referenced in function "public: static void __cdecl `void __cdecl ShowDemoWindowTables(void)'::`398'::MyTreeNode::DisplayNode(struct `void __cdecl ShowDemoWindowTables(void)'::`398'::MyTreeNode const *,struct `void __cdecl ShowDemoWindowTables(void)'::`398'::MyTreeNode const *)" (?DisplayNode@MyTreeNode@?BIO@??ShowDemoWindowTables@@YAXXZ@SAXPBU1?BIO@??2@YAXXZ@0@Z)
main.obj : error LNK2019: unresolved external symbol "bool __cdecl ImGui::TableNextColumn(void)" (?TableNextColumn@ImGui@@YA_NXZ) referenced in function "void __cdecl ImGui::DebugTextEncoding(char const *)" (?DebugTextEncoding@ImGui@@YAXPBD@Z)
main.obj : error LNK2019: unresolved external symbol "bool __cdecl ImGui::TableSetColumnIndex(int)" (?TableSetColumnIndex@ImGui@@YA_NH@Z) referenced in function "void __cdecl ShowDemoWindowTables(void)" (?ShowDemoWindowTables@@YAXXZ)
main.obj : error LNK2019: unresolved external symbol "void __cdecl ImGui::TableSetupColumn(char const *,int,float,unsigned int)" (?TableSetupColumn@ImGui@@YAXPBDHMI@Z) referenced in function "void __cdecl ImGui::DebugTextEncoding(char const *)" (?DebugTextEncoding@ImGui@@YAXPBD@Z)
main.obj : error LNK2019: unresolved external symbol "void __cdecl ImGui::TableSetupScrollFreeze(int,int)" (?TableSetupScrollFreeze@ImGui@@YAXHH@Z) referenced in function "void __cdecl ShowDemoWindowTables(void)" (?ShowDemoWindowTables@@YAXXZ)
main.obj : error LNK2019: unresolved external symbol "void __cdecl ImGui::TableHeadersRow(void)" (?TableHeadersRow@ImGui@@YAXXZ) referenced in function "void __cdecl ImGui::DebugTextEncoding(char const *)" (?DebugTextEncoding@ImGui@@YAXPBD@Z)
main.obj : error LNK2019: unresolved external symbol "void __cdecl ImGui::TableHeader(char const *)" (?TableHeader@ImGui@@YAXPBD@Z) referenced in function "void __cdecl ShowDemoWindowTables(void)" (?ShowDemoWindowTables@@YAXXZ)
main.obj : error LNK2019: unresolved external symbol "struct ImGuiTableSortSpecs * __cdecl ImGui::TableGetSortSpecs(void)" (?TableGetSortSpecs@ImGui@@YAPAUImGuiTableSortSpecs@@XZ) referenced in function "void __cdecl ShowDemoWindowTables(void)" (?ShowDemoWindowTables@@YAXXZ)
main.obj : error LNK2019: unresolved external symbol "int __cdecl ImGui::TableGetColumnIndex(void)" (?TableGetColumnIndex@ImGui@@YAHXZ) referenced in function "void __cdecl ShowDemoWindowTables(void)" (?ShowDemoWindowTables@@YAXXZ)
main.obj : error LNK2019: unresolved external symbol "int __cdecl ImGui::TableGetRowIndex(void)" (?TableGetRowIndex@ImGui@@YAHXZ) referenced in function "void __cdecl ShowDemoWindowTables(void)" (?ShowDemoWindowTables@@YAXXZ)
main.obj : error LNK2019: unresolved external symbol "char const * __cdecl ImGui::TableGetColumnName(int)" (?TableGetColumnName@ImGui@@YAPBDH@Z) referenced in function "void __cdecl ShowDemoWindowTables(void)" (?ShowDemoWindowTables@@YAXXZ)
main.obj : error LNK2019: unresolved external symbol "int __cdecl ImGui::TableGetColumnFlags(int)" (?TableGetColumnFlags@ImGui@@YAHH@Z) referenced in function "void __cdecl ShowDemoWindowTables(void)" (?ShowDemoWindowTables@@YAXXZ)
main.obj : error LNK2019: unresolved external symbol "void __cdecl ImGui::TableSetBgColor(int,unsigned int,int)" (?TableSetBgColor@ImGui@@YAXHIH@Z) referenced in function "void __cdecl ShowDemoWindowTables(void)" (?ShowDemoWindowTables@@YAXXZ)
main.obj : error LNK2019: unresolved external symbol "void __cdecl ImGui::Columns(int,char const *,bool)" (?Columns@ImGui@@YAXHPBD_N@Z) referenced in function "void __cdecl ShowDemoWindowColumns(void)" (?ShowDemoWindowColumns@@YAXXZ)
main.obj : error LNK2019: unresolved external symbol "void __cdecl ImGui::NextColumn(void)" (?NextColumn@ImGui@@YAXXZ) referenced in function "void __cdecl ShowDemoWindowColumns(void)" (?ShowDemoWindowColumns@@YAXXZ)
main.obj : error LNK2019: unresolved external symbol "int __cdecl ImGui::GetColumnIndex(void)" (?GetColumnIndex@ImGui@@YAHXZ) referenced in function "void __cdecl ShowDemoWindowColumns(void)" (?ShowDemoWindowColumns@@YAXXZ)
main.obj : error LNK2019: unresolved external symbol "float __cdecl ImGui::GetColumnWidth(int)" (?GetColumnWidth@ImGui@@YAMH@Z) referenced in function "void __cdecl ShowDemoWindowColumns(void)" (?ShowDemoWindowColumns@@YAXXZ)
main.obj : error LNK2019: unresolved external symbol "float __cdecl ImGui::GetColumnOffset(int)" (?GetColumnOffset@ImGui@@YAMH@Z) referenced in function "void __cdecl ShowDemoWindowColumns(void)" (?ShowDemoWindowColumns@@YAXXZ)
main.obj : error LNK2019: unresolved external symbol "bool __cdecl ImGui::BeginTabBar(char const *,int)" (?BeginTabBar@ImGui@@YA_NPBDH@Z) referenced in function "void __cdecl ShowDemoWindowLayout(void)" (?ShowDemoWindowLayout@@YAXXZ)
main.obj : error LNK2019: unresolved external symbol "void __cdecl ImGui::EndTabBar(void)" (?EndTabBar@ImGui@@YAXXZ) referenced in function "void __cdecl ImGui::ErrorCheckEndWindowRecover(void (__cdecl*)(void *,char const *,...),void *)" (?ErrorCheckEndWindowRecover@ImGui@@YAXP6AXPAXPBDZZ0@Z)
main.obj : error LNK2019: unresolved external symbol "bool __cdecl ImGui::BeginTabItem(char const *,bool *,int)" (?BeginTabItem@ImGui@@YA_NPBDPA_NH@Z) referenced in function "void __cdecl ShowDemoWindowLayout(void)" (?ShowDemoWindowLayout@@YAXXZ)
main.obj : error LNK2019: unresolved external symbol "void __cdecl ImGui::EndTabItem(void)" (?EndTabItem@ImGui@@YAXXZ) referenced in function "void __cdecl ShowDemoWindowLayout(void)" (?ShowDemoWindowLayout@@YAXXZ)
main.obj : error LNK2019: unresolved external symbol "bool __cdecl ImGui::TabItemButton(char const *,int)" (?TabItemButton@ImGui@@YA_NPBDH@Z) referenced in function "void __cdecl ShowDemoWindowWidgets(void)" (?ShowDemoWindowWidgets@@YAXXZ)
main.obj : error LNK2019: unresolved external symbol "void __cdecl ImGui::SetTabItemClosed(char const *)" (?SetTabItemClosed@ImGui@@YAXPBD@Z) referenced in function "void __cdecl NotifyOfDocumentsClosedElsewhere(struct ExampleAppDocuments &)" (?NotifyOfDocumentsClosedElsewhere@@YAXAAUExampleAppDocuments@@@Z)
main.obj : error LNK2019: unresolved external symbol "public: void __thiscall ImGuiInputTextCallbackData::DeleteChars(int,int)" (?DeleteChars@ImGuiInputTextCallbackData@@QAEXHH@Z) referenced in function "public: static int __cdecl `void __cdecl ShowDemoWindowWidgets(void)'::`451'::Funcs::MyCallback(struct ImGuiInputTextCallbackData *)" (?MyCallback@Funcs@?BMD@??ShowDemoWindowWidgets@@YAXXZ@SAHPAUImGuiInputTextCallbackData@@@Z)
main.obj : error LNK2019: unresolved external symbol "public: void __thiscall ImGuiInputTextCallbackData::InsertChars(int,char const *,char const *)" (?InsertChars@ImGuiInputTextCallbackData@@QAEXHPBD0@Z) referenced in function "public: static int __cdecl `void __cdecl ShowDemoWindowWidgets(void)'::`451'::Funcs::MyCallback(struct ImGuiInputTextCallbackData *)" (?MyCallback@Funcs@?BMD@??ShowDemoWindowWidgets@@YAXXZ@SAHPAUImGuiInputTextCallbackData@@@Z)
main.obj : error LNK2019: unresolved external symbol "public: void __thiscall ImGuiMenuColumns::Update(float,bool)" (?Update@ImGuiMenuColumns@@QAEXM_N@Z) referenced in function "bool __cdecl ImGui::Begin(char const *,bool *,int)" (?Begin@ImGui@@YA_NPBDPA_NH@Z)
main.obj : error LNK2019: unresolved external symbol "void __cdecl ImGui::EndColumns(void)" (?EndColumns@ImGui@@YAXXZ) referenced in function "void __cdecl ImGui::End(void)" (?End@ImGui@@YAXXZ)
main.obj : error LNK2019: unresolved external symbol "float __cdecl ImGui::GetColumnOffsetFromNorm(struct ImGuiOldColumns const *,float)" (?GetColumnOffsetFromNorm@ImGui@@YAMPBUImGuiOldColumns@@M@Z) referenced in function "void __cdecl ImGui::DebugNodeColumns(struct ImGuiOldColumns *)" (?DebugNodeColumns@ImGui@@YAXPAUImGuiOldColumns@@@Z)
main.obj : error LNK2019: unresolved external symbol "void __cdecl ImGui::TableEndRow(struct ImGuiTable *)" (?TableEndRow@ImGui@@YAXPAUImGuiTable@@@Z) referenced in function "public: void __thiscall ImGuiListClipper::Begin(int,float)" (?Begin@ImGuiListClipper@@QAEXHM@Z)
main.obj : error LNK2019: unresolved external symbol "void __cdecl ImGui::TableGcCompactTransientBuffers(struct ImGuiTable *)" (?TableGcCompactTransientBuffers@ImGui@@YAXPAUImGuiTable@@@Z) referenced in function "void __cdecl ImGui::NewFrame(void)" (?NewFrame@ImGui@@YAXXZ)
main.obj : error LNK2019: unresolved external symbol "void __cdecl ImGui::TableGcCompactTransientBuffers(struct ImGuiTableTempData *)" (?TableGcCompactTransientBuffers@ImGui@@YAXPAUImGuiTableTempData@@@Z) referenced in function "void __cdecl ImGui::NewFrame(void)" (?NewFrame@ImGui@@YAXXZ)
main.obj : error LNK2019: unresolved external symbol "void __cdecl ImGui::TableGcCompactSettings(void)" (?TableGcCompactSettings@ImGui@@YAXXZ) referenced in function "void __cdecl ImGui::GcCompactTransientMiscBuffers(void)" (?GcCompactTransientMiscBuffers@ImGui@@YAXXZ)
main.obj : error LNK2019: unresolved external symbol "void __cdecl ImGui::TableSettingsAddSettingsHandler(void)" (?TableSettingsAddSettingsHandler@ImGui@@YAXXZ) referenced in function "void __cdecl ImGui::Initialize(void)" (?Initialize@ImGui@@YAXXZ)
main.obj : error LNK2019: unresolved external symbol "void __cdecl ImGui::TabBarQueueReorder(struct ImGuiTabBar *,struct ImGuiTabItem const *,int)" (?TabBarQueueReorder@ImGui@@YAXPAUImGuiTabBar@@PBUImGuiTabItem@@H@Z) referenced in function "void __cdecl ImGui::DebugNodeTabBar(struct ImGuiTabBar *,char const *)" (?DebugNodeTabBar@ImGui@@YAXPAUImGuiTabBar@@PBD@Z)
main.obj : error LNK2019: unresolved external symbol "bool __cdecl ImGui::CloseButton(unsigned int,struct ImVec2 const &)" (?CloseButton@ImGui@@YA_NIABUImVec2@@@Z) referenced in function "void __cdecl ImGui::RenderWindowTitleBarContents(struct ImGuiWindow *,struct ImRect const &,char const *,bool *)" (?RenderWindowTitleBarContents@ImGui@@YAXPAUImGuiWindow@@ABUImRect@@PBDPA_N@Z)
main.obj : error LNK2019: unresolved external symbol "bool __cdecl ImGui::CollapseButton(unsigned int,struct ImVec2 const &)" (?CollapseButton@ImGui@@YA_NIABUImVec2@@@Z) referenced in function "void __cdecl ImGui::RenderWindowTitleBarContents(struct ImGuiWindow *,struct ImRect const &,char const *,bool *)" (?RenderWindowTitleBarContents@ImGui@@YAXPAUImGuiWindow@@ABUImRect@@PBDPA_N@Z)
main.obj : error LNK2019: unresolved external symbol "void __cdecl ImGui::Scrollbar(enum ImGuiAxis)" (?Scrollbar@ImGui@@YAXW4ImGuiAxis@@@Z) referenced in function "void __cdecl ImGui::RenderWindowDecorations(struct ImGuiWindow *,struct ImRect const &,bool,int,unsigned int const * const,float)" (?RenderWindowDecorations@ImGui@@YAXPAUImGuiWindow@@ABUImRect@@_NHQBIM@Z)
main.obj : error LNK2019: unresolved external symbol "bool __cdecl ImGui::ButtonBehavior(struct ImRect const &,unsigned int,bool *,bool *,int)" (?ButtonBehavior@ImGui@@YA_NABUImRect@@IPA_N1H@Z) referenced in function "bool __cdecl ImGui::UpdateWindowManualResize(struct ImGuiWindow *,struct ImVec2 const &,int *,int,unsigned int * const,struct ImRect const &)" (?UpdateWindowManualResize@ImGui@@YA_NPAUImGuiWindow@@ABUImVec2@@PAHHQAIABUImRect@@@Z)
main.obj : error LNK2019: unresolved external symbol "void __cdecl ImGui::DebugNodeTable(struct ImGuiTable *)" (?DebugNodeTable@ImGui@@YAXPAUImGuiTable@@@Z) referenced in function "void __cdecl ImGui::ShowMetricsWindow(bool *)" (?ShowMetricsWindow@ImGui@@YAXPA_N@Z)
main.obj : error LNK2019: unresolved external symbol "void __cdecl ImGui::DebugNodeTableSettings(struct ImGuiTableSettings *)" (?DebugNodeTableSettings@ImGui@@YAXPAUImGuiTableSettings@@@Z) referenced in function "void __cdecl ImGui::ShowMetricsWindow(bool *)" (?ShowMetricsWindow@ImGui@@YAXPA_N@Z)
main.obj : error LNK2019: unresolved external symbol "void __cdecl ImGui::DebugNodeInputTextState(struct ImGuiInputTextState *)" (?DebugNodeInputTextState@ImGui@@YAXPAUImGuiInputTextState@@@Z) referenced in function "void __cdecl ImGui::ShowMetricsWindow(bool *)" (?ShowMetricsWindow@ImGui@@YAXPA_N@Z)
main.obj : error LNK2019: unresolved external symbol "bool __cdecl ImGui_ImplWin32_Init(void *)" (?ImGui_ImplWin32_Init@@YA_NPAX@Z) referenced in function "void __cdecl InitImGui(void)" (?InitImGui@@YAXXZ)
main.obj : error LNK2019: unresolved external symbol "void __cdecl ImGui_ImplWin32_Shutdown(void)" (?ImGui_ImplWin32_Shutdown@@YAXXZ) referenced in function "void __cdecl CleanupImGui(void)" (?CleanupImGui@@YAXXZ)
main.obj : error LNK2019: unresolved external symbol "void __cdecl ImGui_ImplWin32_NewFrame(void)" (?ImGui_ImplWin32_NewFrame@@YAXXZ) referenced in function "void __cdecl RenderImGui(void)" (?RenderImGui@@YAXXZ)
main.obj : error LNK2019: unresolved external symbol "bool __cdecl ImGui_ImplDX11_Init(struct ID3D11Device *,struct ID3D11DeviceContext *)" (?ImGui_ImplDX11_Init@@YA_NPAUID3D11Device@@PAUID3D11DeviceContext@@@Z) referenced in function "void __cdecl InitImGui(void)" (?InitImGui@@YAXXZ)
main.obj : error LNK2019: unresolved external symbol "void __cdecl ImGui_ImplDX11_Shutdown(void)" (?ImGui_ImplDX11_Shutdown@@YAXXZ) referenced in function "void __cdecl CleanupImGui(void)" (?CleanupImGui@@YAXXZ)
main.obj : error LNK2019: unresolved external symbol "void __cdecl ImGui_ImplDX11_NewFrame(void)" (?ImGui_ImplDX11_NewFrame@@YAXXZ) referenced in function "void __cdecl RenderImGui(void)" (?RenderImGui@@YAXXZ)
main.obj : error LNK2019: unresolved external symbol "void __cdecl ImGui_ImplDX11_RenderDrawData(struct ImDrawData *)" (?ImGui_ImplDX11_RenderDrawData@@YAXPAUImDrawData@@@Z) referenced in function "void __cdecl RenderImGui(void)" (?RenderImGui@@YAXXZ)
main.obj : error LNK2019: unresolved external symbol "long __cdecl ImGui_ImplWin32_WndProcHandler(struct HWND__ *,unsigned int,unsigned int,long)" (?ImGui_ImplWin32_WndProcHandler@@YAJPAUHWND__@@IIJ@Z) referenced in function "long __stdcall WndProc(struct HWND__ *,unsigned int,unsigned int,long)" (?WndProc@@YGJPAUHWND__@@IIJ@Z)
D:\Documents\GitHub\BlackRece\CppFlockingDemo\Debug\Boids.exe : fatal error LNK1120: 152 unresolved externals
