c:\users\david\onedrive - staffordshire university\fish schooling 3.0 student\boids\debug\vc142.pdb
c:\users\david\onedrive - staffordshire university\fish schooling 3.0 student\boids\debug\vc142.idb
c:\users\david\onedrive - staffordshire university\fish schooling 3.0 student\boids\debug\drawablegameobject.obj
c:\users\david\onedrive - staffordshire university\fish schooling 3.0 student\boids\debug\ddstextureloader.obj
c:\users\david\onedrive - staffordshire university\fish schooling 3.0 student\boids\debug\boid.obj
c:\users\david\onedrive - staffordshire university\fish schooling 3.0 student\boids\debug\main.obj
d:\documents\github\blackrece\cppflockingdemo\boids\debug\vc143.pdb
d:\documents\github\blackrece\cppflockingdemo\boids\debug\vc143.idb
d:\documents\github\blackrece\cppflockingdemo\boids\debug\main.obj
d:\documents\github\blackrece\cppflockingdemo\boids\debug\drawablegameobject.obj
d:\documents\github\blackrece\cppflockingdemo\boids\debug\ddstextureloader.obj
d:\documents\github\blackrece\cppflockingdemo\boids\debug\boid.obj
c:\users\david\onedrive - staffordshire university\fish schooling 3.0 student\boids\debug\boids.ilk
c:\users\david\onedrive - staffordshire university\fish schooling 3.0 student\boids\debug\boids.exe
c:\users\david\onedrive - staffordshire university\fish schooling 3.0 student\boids\debug\boids.pdb
c:\users\david\onedrive - staffordshire university\fish schooling 3.0 student\debug\boids.ilk
c:\users\david\onedrive - staffordshire university\fish schooling 3.0 student\debug\boids.exe
c:\users\david\onedrive - staffordshire university\fish schooling 3.0 student\debug\boids.pdb
c:\users\david\onedrive - staffordshire university\fish schooling 3.0 student\boids\debug\tutorial05.res
d:\documents\github\blackrece\cppflockingdemo\boids\debug\tutorial05.res
d:\documents\github\blackrece\cppflockingdemo\boids\debug\vc142.idb
d:\documents\github\blackrece\cppflockingdemo\boids\debug\boids.pdb
d:\documents\github\blackrece\cppflockingdemo\boids\debug\vc142.pdb
d:\documents\github\blackrece\cppflockingdemo\debug\boids.pdb
d:\documents\github\blackrece\cppflockingdemo\boids\debug\boids.tlog\cl.command.1.tlog
d:\documents\github\blackrece\cppflockingdemo\boids\debug\boids.tlog\cl.read.1.tlog
d:\documents\github\blackrece\cppflockingdemo\boids\debug\boids.tlog\cl.write.1.tlog
d:\documents\github\blackrece\cppflockingdemo\boids\debug\boids.tlog\link-cvtres.read.1.tlog
d:\documents\github\blackrece\cppflockingdemo\boids\debug\boids.tlog\link-cvtres.write.1.tlog
d:\documents\github\blackrece\cppflockingdemo\boids\debug\boids.tlog\link-mt.read.1.tlog
d:\documents\github\blackrece\cppflockingdemo\boids\debug\boids.tlog\link-mt.write.1.tlog
d:\documents\github\blackrece\cppflockingdemo\boids\debug\boids.tlog\link-rc.read.1.tlog
d:\documents\github\blackrece\cppflockingdemo\boids\debug\boids.tlog\link-rc.write.1.tlog
d:\documents\github\blackrece\cppflockingdemo\boids\debug\boids.tlog\link.command.1.tlog
d:\documents\github\blackrece\cppflockingdemo\boids\debug\boids.tlog\link.read.1.tlog
d:\documents\github\blackrece\cppflockingdemo\boids\debug\boids.tlog\link.write.1.tlog
d:\documents\github\blackrece\cppflockingdemo\boids\debug\boids.tlog\rc.command.1.tlog
d:\documents\github\blackrece\cppflockingdemo\boids\debug\boids.tlog\rc.read.1.tlog
d:\documents\github\blackrece\cppflockingdemo\boids\debug\boids.tlog\rc.write.1.tlog
